# JRE version: Java(TM) SE Runtime Environment (17.0.12+8) (build 17.0.12+8-LTS-286)
# Java VM: Java HotSpot(TM) 64-Bit Server VM (17.0.12+8-LTS-286, mixed mode, emulated-client, tiered, compressed oops, compressed class ptrs, g1 gc, windows-amd64)
GC Precious Log:
 CPUs: 16 total, 16 available
 Memory: 7421M
 Large Page Support: Disabled
 NUMA Support: Disabled
 Compressed Oops: Enabled (32-bit)
 Heap Region Size: 1M
 Heap Min Capacity: 8M
 Heap Initial Capacity: 116M
 Heap Max Capacity: 1856M
 Pre-touch: Disabled
 Parallel Workers: 13
 Concurrent Workers: 3
 Concurrent Refinement Workers: 13
 Periodic GC: Disabled
Heap:
 garbage-first heap   total 118784K, used 57201K [0x000000008c000000, 0x0000000100000000)
  region size 1024K, 2 young (2048K), 2 survivors (2048K)
 Metaspace       used 82667K, committed 83328K, reserved 1179648K
  class space    used 11783K, committed 12096K, reserved 1048576K
GC Heap History (20 events):
Event: 21.419 GC heap after
{Heap after GC invocations=27 (full 0):
 garbage-first heap   total 58368K, used 34107K [0x000000008c000000, 0x0000000100000000)
  region size 1024K, 3 young (3072K), 3 survivors (3072K)
 Metaspace       used 76905K, committed 77568K, reserved 1179648K
  class space    used 10673K, committed 11008K, reserved 1048576K
}
Event: 21.869 GC heap before
{Heap before GC invocations=28 (full 0):
 garbage-first heap   total 60416K, used 48443K [0x000000008c000000, 0x0000000100000000)
  region size 1024K, 17 young (17408K), 3 survivors (3072K)
 Metaspace       used 78991K, committed 79616K, reserved 1179648K
  class space    used 11124K, committed 11456K, reserved 1048576K
}
Event: 21.873 GC heap after
{Heap after GC invocations=29 (full 0):
 garbage-first heap   total 60416K, used 35260K [0x000000008c000000, 0x0000000100000000)
  region size 1024K, 3 young (3072K), 3 survivors (3072K)
 Metaspace       used 78991K, committed 79616K, reserved 1179648K
  class space    used 11124K, committed 11456K, reserved 1048576K
}
Event: 21.876 GC heap before
{Heap before GC invocations=29 (full 0):
 garbage-first heap   total 60416K, used 36284K [0x000000008c000000, 0x0000000100000000)
  region size 1024K, 4 young (4096K), 3 survivors (3072K)
 Metaspace       used 78991K, committed 79616K, reserved 1179648K
  class space    used 11124K, committed 11456K, reserved 1048576K
}
Event: 21.879 GC heap after
{Heap after GC invocations=30 (full 0):
 garbage-first heap   total 60416K, used 35325K [0x000000008c000000, 0x0000000100000000)
  region size 1024K, 1 young (1024K), 1 survivors (1024K)
 Metaspace       used 78991K, committed 79616K, reserved 1179648K
  class space    used 11124K, committed 11456K, reserved 1048576K
}
Event: 22.105 GC heap before
{Heap before GC invocations=30 (full 0):
 garbage-first heap   total 60416K, used 47613K [0x000000008c000000, 0x0000000100000000)
  region size 1024K, 14 young (14336K), 1 survivors (1024K)
 Metaspace       used 80298K, committed 80960K, reserved 1179648K
  class space    used 11381K, committed 11712K, reserved 1048576K
}
Event: 22.108 GC heap after
{Heap after GC invocations=31 (full 0):
 garbage-first heap   total 60416K, used 35714K [0x000000008c000000, 0x0000000100000000)
  region size 1024K, 1 young (1024K), 1 survivors (1024K)
 Metaspace       used 80298K, committed 80960K, reserved 1179648K
  class space    used 11381K, committed 11712K, reserved 1048576K
}
Event: 22.235 GC heap before
{Heap before GC invocations=32 (full 0):
 garbage-first heap   total 65536K, used 50050K [0x000000008c000000, 0x0000000100000000)
  region size 1024K, 15 young (15360K), 1 survivors (1024K)
 Metaspace       used 80766K, committed 81408K, reserved 1179648K
  class space    used 11509K, committed 11840K, reserved 1048576K
}
Event: 22.237 GC heap after
{Heap after GC invocations=33 (full 0):
 garbage-first heap   total 65536K, used 36286K [0x000000008c000000, 0x0000000100000000)
  region size 1024K, 2 young (2048K), 2 survivors (2048K)
 Metaspace       used 80766K, committed 81408K, reserved 1179648K
  class space    used 11509K, committed 11840K, reserved 1048576K
}
Event: 22.241 GC heap before
{Heap before GC invocations=33 (full 0):
 garbage-first heap   total 65536K, used 37310K [0x000000008c000000, 0x0000000100000000)
  region size 1024K, 3 young (3072K), 2 survivors (2048K)
 Metaspace       used 80766K, committed 81408K, reserved 1179648K
  class space    used 11509K, committed 11840K, reserved 1048576K
}
Event: 22.244 GC heap after
{Heap after GC invocations=34 (full 0):
 garbage-first heap   total 78848K, used 36014K [0x000000008c000000, 0x0000000100000000)
  region size 1024K, 1 young (1024K), 1 survivors (1024K)
 Metaspace       used 80766K, committed 81408K, reserved 1179648K
  class space    used 11509K, committed 11840K, reserved 1048576K
}
Event: 22.540 GC heap before
{Heap before GC invocations=34 (full 0):
 garbage-first heap   total 78848K, used 62638K [0x000000008c000000, 0x0000000100000000)
  region size 1024K, 28 young (28672K), 1 survivors (1024K)
 Metaspace       used 82579K, committed 83264K, reserved 1179648K
  class space    used 11757K, committed 12096K, reserved 1048576K
}
Event: 22.543 GC heap after
{Heap after GC invocations=35 (full 0):
 garbage-first heap   total 78848K, used 36687K [0x000000008c000000, 0x0000000100000000)
  region size 1024K, 1 young (1024K), 1 survivors (1024K)
 Metaspace       used 82579K, committed 83264K, reserved 1179648K
  class space    used 11757K, committed 12096K, reserved 1048576K
}
Event: 22.684 GC heap before
{Heap before GC invocations=36 (full 0):
 garbage-first heap   total 78848K, used 65359K [0x000000008c000000, 0x0000000100000000)
  region size 1024K, 29 young (29696K), 1 survivors (1024K)
 Metaspace       used 82667K, committed 83328K, reserved 1179648K
  class space    used 11783K, committed 12096K, reserved 1048576K
}
Event: 22.691 GC heap after
{Heap after GC invocations=37 (full 0):
 garbage-first heap   total 78848K, used 46219K [0x000000008c000000, 0x0000000100000000)
  region size 1024K, 4 young (4096K), 4 survivors (4096K)
 Metaspace       used 82667K, committed 83328K, reserved 1179648K
  class space    used 11783K, committed 12096K, reserved 1048576K
}
Event: 22.694 GC heap before
{Heap before GC invocations=37 (full 0):
 garbage-first heap   total 78848K, used 47243K [0x000000008c000000, 0x0000000100000000)
  region size 1024K, 5 young (5120K), 4 survivors (4096K)
 Metaspace       used 82667K, committed 83328K, reserved 1179648K
  class space    used 11783K, committed 12096K, reserved 1048576K
}
Event: 22.699 GC heap after
{Heap after GC invocations=38 (full 0):
 garbage-first heap   total 78848K, used 47290K [0x000000008c000000, 0x0000000100000000)
  region size 1024K, 1 young (1024K), 1 survivors (1024K)
 Metaspace       used 82667K, committed 83328K, reserved 1179648K
  class space    used 11783K, committed 12096K, reserved 1048576K
}
Event: 22.762 GC heap before
{Heap before GC invocations=38 (full 0):
 garbage-first heap   total 78848K, used 61626K [0x000000008c000000, 0x0000000100000000)
  region size 1024K, 15 young (15360K), 1 survivors (1024K)
 Metaspace       used 82667K, committed 83328K, reserved 1179648K
  class space    used 11783K, committed 12096K, reserved 1048576K
}
Event: 22.767 GC heap after
{Heap after GC invocations=39 (full 0):
 garbage-first heap   total 78848K, used 52454K [0x000000008c000000, 0x0000000100000000)
  region size 1024K, 2 young (2048K), 2 survivors (2048K)
 Metaspace       used 82667K, committed 83328K, reserved 1179648K
  class space    used 11783K, committed 12096K, reserved 1048576K
}
Event: 22.830 GC heap before
{Heap before GC invocations=39 (full 0):
 garbage-first heap   total 106496K, used 62694K [0x000000008c000000, 0x0000000100000000)
  region size 1024K, 11 young (11264K), 2 survivors (2048K)
 Metaspace       used 82667K, committed 83328K, reserved 1179648K
  class space    used 11783K, committed 12096K, reserved 1048576K
}

