# JRE version: Java(TM) SE Runtime Environment (17.0.12+8) (build 17.0.12+8-LTS-286)
# Java VM: Java HotSpot(TM) 64-Bit Server VM (17.0.12+8-LTS-286, mixed mode, emulated-client, sharing, tiered, compressed oops, compressed class ptrs, g1 gc, windows-amd64)
GC Precious Log:
 CPUs: 16 total, 16 available
 Memory: 7421M
 Large Page Support: Disabled
 NUMA Support: Disabled
 Compressed Oops: Enabled (32-bit)
 Heap Region Size: 1M
 Heap Min Capacity: 8M
 Heap Initial Capacity: 116M
 Heap Max Capacity: 1856M
 Pre-touch: Disabled
 Parallel Workers: 13
 Concurrent Workers: 3
 Concurrent Refinement Workers: 13
 Periodic GC: Disabled
Heap:
 garbage-first heap   total 118784K, used 63216K [0x000000008c000000, 0x0000000100000000)
  region size 1024K, 3 young (3072K), 3 survivors (3072K)
 Metaspace       used 73332K, committed 73984K, reserved 1114112K
  class space    used 10953K, committed 11264K, reserved 1048576K
GC Heap History (20 events):
Event: 17.207 GC heap after
{Heap after GC invocations=17 (full 0):
 garbage-first heap   total 73728K, used 30543K [0x000000008c000000, 0x0000000100000000)
  region size 1024K, 3 young (3072K), 3 survivors (3072K)
 Metaspace       used 63031K, committed 63552K, reserved 1114112K
  class space    used 9157K, committed 9408K, reserved 1048576K
}
Event: 18.814 GC heap before
{Heap before GC invocations=17 (full 0):
 garbage-first heap   total 73728K, used 59215K [0x000000008c000000, 0x0000000100000000)
  region size 1024K, 31 young (31744K), 3 survivors (3072K)
 Metaspace       used 67140K, committed 67776K, reserved 1114112K
  class space    used 9757K, committed 10048K, reserved 1048576K
}
Event: 18.818 GC heap after
{Heap after GC invocations=18 (full 0):
 garbage-first heap   total 73728K, used 32835K [0x000000008c000000, 0x0000000100000000)
  region size 1024K, 4 young (4096K), 4 survivors (4096K)
 Metaspace       used 67140K, committed 67776K, reserved 1114112K
  class space    used 9757K, committed 10048K, reserved 1048576K
}
Event: 19.268 GC heap before
{Heap before GC invocations=18 (full 0):
 garbage-first heap   total 73728K, used 59459K [0x000000008c000000, 0x0000000100000000)
  region size 1024K, 30 young (30720K), 4 survivors (4096K)
 Metaspace       used 69870K, committed 70464K, reserved 1114112K
  class space    used 10303K, committed 10560K, reserved 1048576K
}
Event: 19.273 GC heap after
{Heap after GC invocations=19 (full 0):
 garbage-first heap   total 73728K, used 34450K [0x000000008c000000, 0x0000000100000000)
  region size 1024K, 2 young (2048K), 2 survivors (2048K)
 Metaspace       used 69870K, committed 70464K, reserved 1114112K
  class space    used 10303K, committed 10560K, reserved 1048576K
}
Event: 19.480 GC heap before
{Heap before GC invocations=19 (full 0):
 garbage-first heap   total 73728K, used 59026K [0x000000008c000000, 0x0000000100000000)
  region size 1024K, 26 young (26624K), 2 survivors (2048K)
 Metaspace       used 71621K, committed 72192K, reserved 1114112K
  class space    used 10682K, committed 10944K, reserved 1048576K
}
Event: 19.484 GC heap after
{Heap after GC invocations=20 (full 0):
 garbage-first heap   total 73728K, used 35491K [0x000000008c000000, 0x0000000100000000)
  region size 1024K, 3 young (3072K), 3 survivors (3072K)
 Metaspace       used 71621K, committed 72192K, reserved 1114112K
  class space    used 10682K, committed 10944K, reserved 1048576K
}
Event: 19.679 GC heap before
{Heap before GC invocations=21 (full 0):
 garbage-first heap   total 75776K, used 58019K [0x000000008c000000, 0x0000000100000000)
  region size 1024K, 26 young (26624K), 3 survivors (3072K)
 Metaspace       used 73237K, committed 73856K, reserved 1114112K
  class space    used 10926K, committed 11200K, reserved 1048576K
}
Event: 19.682 GC heap after
{Heap after GC invocations=22 (full 0):
 garbage-first heap   total 75776K, used 36066K [0x000000008c000000, 0x0000000100000000)
  region size 1024K, 2 young (2048K), 2 survivors (2048K)
 Metaspace       used 73237K, committed 73856K, reserved 1114112K
  class space    used 10926K, committed 11200K, reserved 1048576K
}
Event: 19.779 GC heap before
{Heap before GC invocations=22 (full 0):
 garbage-first heap   total 75776K, used 61666K [0x000000008c000000, 0x0000000100000000)
  region size 1024K, 27 young (27648K), 2 survivors (2048K)
 Metaspace       used 73330K, committed 73984K, reserved 1114112K
  class space    used 10953K, committed 11264K, reserved 1048576K
}
Event: 19.785 GC heap after
{Heap after GC invocations=23 (full 0):
 garbage-first heap   total 75776K, used 44086K [0x000000008c000000, 0x0000000100000000)
  region size 1024K, 4 young (4096K), 4 survivors (4096K)
 Metaspace       used 73330K, committed 73984K, reserved 1114112K
  class space    used 10953K, committed 11264K, reserved 1048576K
}
Event: 19.830 GC heap before
{Heap before GC invocations=24 (full 0):
 garbage-first heap   total 91136K, used 58422K [0x000000008c000000, 0x0000000100000000)
  region size 1024K, 18 young (18432K), 4 survivors (4096K)
 Metaspace       used 73330K, committed 73984K, reserved 1114112K
  class space    used 10953K, committed 11264K, reserved 1048576K
}
Event: 19.836 GC heap after
{Heap after GC invocations=25 (full 0):
 garbage-first heap   total 91136K, used 49477K [0x000000008c000000, 0x0000000100000000)
  region size 1024K, 3 young (3072K), 3 survivors (3072K)
 Metaspace       used 73330K, committed 73984K, reserved 1114112K
  class space    used 10953K, committed 11264K, reserved 1048576K
}
Event: 19.868 GC heap before
{Heap before GC invocations=25 (full 0):
 garbage-first heap   total 91136K, used 61765K [0x000000008c000000, 0x0000000100000000)
  region size 1024K, 16 young (16384K), 3 survivors (3072K)
 Metaspace       used 73330K, committed 73984K, reserved 1114112K
  class space    used 10953K, committed 11264K, reserved 1048576K
}
Event: 19.874 GC heap after
{Heap after GC invocations=26 (full 0):
 garbage-first heap   total 91136K, used 54222K [0x000000008c000000, 0x0000000100000000)
  region size 1024K, 3 young (3072K), 3 survivors (3072K)
 Metaspace       used 73330K, committed 73984K, reserved 1114112K
  class space    used 10953K, committed 11264K, reserved 1048576K
}
Event: 19.931 GC heap before
{Heap before GC invocations=27 (full 0):
 garbage-first heap   total 107520K, used 69582K [0x000000008c000000, 0x0000000100000000)
  region size 1024K, 17 young (17408K), 3 survivors (3072K)
 Metaspace       used 73330K, committed 73984K, reserved 1114112K
  class space    used 10953K, committed 11264K, reserved 1048576K
}
Event: 19.935 GC heap after
{Heap after GC invocations=28 (full 0):
 garbage-first heap   total 107520K, used 59132K [0x000000008c000000, 0x0000000100000000)
  region size 1024K, 3 young (3072K), 3 survivors (3072K)
 Metaspace       used 73330K, committed 73984K, reserved 1114112K
  class space    used 10953K, committed 11264K, reserved 1048576K
}
Event: 19.941 GC heap before
{Heap before GC invocations=28 (full 0):
 garbage-first heap   total 107520K, used 61180K [0x000000008c000000, 0x0000000100000000)
  region size 1024K, 5 young (5120K), 3 survivors (3072K)
 Metaspace       used 73330K, committed 73984K, reserved 1114112K
  class space    used 10953K, committed 11264K, reserved 1048576K
}
Event: 19.945 GC heap after
{Heap after GC invocations=29 (full 0):
 garbage-first heap   total 107520K, used 60477K [0x000000008c000000, 0x0000000100000000)
  region size 1024K, 1 young (1024K), 1 survivors (1024K)
 Metaspace       used 73330K, committed 73984K, reserved 1114112K
  class space    used 10953K, committed 11264K, reserved 1048576K
}
Event: 19.989 GC heap before
{Heap before GC invocations=29 (full 0):
 garbage-first heap   total 107520K, used 79933K [0x000000008c000000, 0x0000000100000000)
  region size 1024K, 20 young (20480K), 1 survivors (1024K)
 Metaspace       used 73332K, committed 73984K, reserved 1114112K
  class space    used 10953K, committed 11264K, reserved 1048576K
}

