<?xml version="1.0" encoding="UTF-8"?>
<testsuite xmlns:xsi="http://www.w3.org/2001/XMLSchema-instance" xsi:noNamespaceSchemaLocation="https://maven.apache.org/surefire/maven-surefire-plugin/xsd/surefire-test-report.xsd" version="3.0.2" name="com.cmdpfe.demande.GereDemandeApplicationTests" time="14.69" tests="1" errors="0" skipped="0" failures="0">
  <properties>
[...]
</properties>
  <testcase name="contextLoads" classname="com.cmdpfe.demande.GereDemandeApplicationTests" time="0.96">
    <system-out><![CDATA[21:58:50.531 [main] INFO org.springframework.test.context.support.AnnotationConfigContextLoaderUtils -- Could not detect default configuration classes for test class [com.cmdpfe.demande.GereDemandeApplicationTests]: GereDemandeApplicationTests does not declare any static, non-private, non-final, nested classes annotated with @Configuration.
21:58:50.743 [main] INFO org.springframework.boot.test.context.SpringBootTestContextBootstrapper -- Found @SpringBootConfiguration com.cmdpfe.demande.GereDemandeApplication for test class com.cmdpfe.demande.GereDemandeApplicationTests
21:58:51.096 [main] INFO org.springframework.boot.devtools.restart.RestartApplicationListener -- Restart disabled due to context in which it is running

  .   ____          _            __ _ _
 /\\ / ___'_ __ _ _(_)_ __  __ _ \ \ \ \
( ( )\___ | '_ | '_| | '_ \/ _` | \ \ \ \
 \\/  ___)| |_)| | | | | || (_| |  ) ) ) )
  '  |____| .__|_| |_|_| |_\__, | / / / /
 =========|_|==============|___/=/_/_/_/

 :: Spring Boot ::                (v3.4.4)

2025-05-02T21:58:51.558+02:00  INFO 21056 --- [gere-demande] [           main] c.c.demande.GereDemandeApplicationTests  : Starting GereDemandeApplicationTests using Java 17.0.12 with PID 21056 (started by Pc in C:\Users\Pc\Documents\GitHub\CRM_EE\gere-demande)
2025-05-02T21:58:51.561+02:00  INFO 21056 --- [gere-demande] [           main] c.c.demande.GereDemandeApplicationTests  : No active profile set, falling back to 1 default profile: "default"
2025-05-02T21:58:52.855+02:00  INFO 21056 --- [gere-demande] [           main] .s.d.r.c.RepositoryConfigurationDelegate : Bootstrapping Spring Data JPA repositories in DEFAULT mode.
2025-05-02T21:58:53.051+02:00  INFO 21056 --- [gere-demande] [           main] .s.d.r.c.RepositoryConfigurationDelegate : Finished Spring Data repository scanning in 175 ms. Found 12 JPA repository interfaces.
2025-05-02T21:58:54.294+02:00  INFO 21056 --- [gere-demande] [           main] o.hibernate.jpa.internal.util.LogHelper  : HHH000204: Processing PersistenceUnitInfo [name: default]
2025-05-02T21:58:54.431+02:00  INFO 21056 --- [gere-demande] [           main] org.hibernate.Version                    : HHH000412: Hibernate ORM core version 6.6.11.Final
2025-05-02T21:58:54.516+02:00  INFO 21056 --- [gere-demande] [           main] o.h.c.internal.RegionFactoryInitiator    : HHH000026: Second-level cache disabled
2025-05-02T21:58:55.213+02:00  INFO 21056 --- [gere-demande] [           main] o.s.o.j.p.SpringPersistenceUnitInfo      : No LoadTimeWeaver setup: ignoring JPA class transformer
2025-05-02T21:58:55.275+02:00  INFO 21056 --- [gere-demande] [           main] com.zaxxer.hikari.HikariDataSource       : HikariPool-1 - Starting...
2025-05-02T21:58:55.871+02:00  INFO 21056 --- [gere-demande] [           main] com.zaxxer.hikari.pool.HikariPool        : HikariPool-1 - Added connection oracle.jdbc.driver.T4CConnection@59f76e56
2025-05-02T21:58:55.874+02:00  INFO 21056 --- [gere-demande] [           main] com.zaxxer.hikari.HikariDataSource       : HikariPool-1 - Start completed.
2025-05-02T21:58:56.430+02:00  INFO 21056 --- [gere-demande] [           main] org.hibernate.orm.connections.pooling    : HHH10001005: Database info:
	Database JDBC URL [Connecting through datasource 'HikariDataSource (HikariPool-1)']
	Database driver: undefined/unknown
	Database version: 19.3
	Autocommit mode: undefined/unknown
	Isolation level: undefined/unknown
	Minimum pool size: undefined/unknown
	Maximum pool size: undefined/unknown
2025-05-02T21:58:58.257+02:00  INFO 21056 --- [gere-demande] [           main] o.h.e.t.j.p.i.JtaPlatformInitiator       : HHH000489: No JTA platform available (set 'hibernate.transaction.jta.platform' to enable JTA platform integration)
2025-05-02T21:58:58.825+02:00  INFO 21056 --- [gere-demande] [           main] j.LocalContainerEntityManagerFactoryBean : Initialized JPA EntityManagerFactory for persistence unit 'default'
2025-05-02T21:58:59.424+02:00  INFO 21056 --- [gere-demande] [           main] o.s.d.j.r.query.QueryEnhancerFactory     : Hibernate is in classpath; If applicable, HQL parser will be used.
2025-05-02T21:59:02.262+02:00  WARN 21056 --- [gere-demande] [           main] JpaBaseConfiguration$JpaWebConfiguration : spring.jpa.open-in-view is enabled by default. Therefore, database queries may be performed during view rendering. Explicitly configure spring.jpa.open-in-view to disable this warning
2025-05-02T21:59:02.301+02:00 DEBUG 21056 --- [gere-demande] [           main] swordEncoderAuthenticationManagerBuilder : No authenticationProviders and no parentAuthenticationManager defined. Returning null.
2025-05-02T21:59:03.229+02:00 DEBUG 21056 --- [gere-demande] [           main] o.s.s.web.DefaultSecurityFilterChain     : Will secure any request with filters: DisableEncodeUrlFilter, WebAsyncManagerIntegrationFilter, SecurityContextHolderFilter, HeaderWriterFilter, CorsFilter, CsrfFilter, LogoutFilter, BearerTokenAuthenticationFilter, RequestCacheAwareFilter, SecurityContextHolderAwareRequestFilter, AnonymousAuthenticationFilter, ExceptionTranslationFilter, AuthorizationFilter
2025-05-02T21:59:03.529+02:00  INFO 21056 --- [gere-demande] [           main] o.s.v.b.OptionalValidatorFactoryBean     : Failed to set up a Bean Validation provider: jakarta.validation.NoProviderFoundException: Unable to create a Configuration, because no Jakarta Bean Validation provider could be found. Add a provider like Hibernate Validator (RI) to your classpath.
2025-05-02T21:59:03.909+02:00  INFO 21056 --- [gere-demande] [           main] c.c.demande.GereDemandeApplicationTests  : Started GereDemandeApplicationTests in 12.837 seconds (process running for 14.799)
]]></system-out>
  </testcase>
</testsuite>